Arguments: 
  /usr/bin/node /usr/bin/yarnpkg install --production --no-optional

PATH: 
  /home/miguel/my-project/node_modules/.bin:/home/miguel/node_modules/.bin:/home/node_modules/.bin:/node_modules/.bin:/usr/bin:/home/miguel/.npm/_npx/1680539/bin:/home/miguel/node_modules/.bin:/home/miguel/.asdf/shims:/home/miguel/.asdf/bin:/home/miguel/.local/bin:/usr/local/sbin:/usr/local/bin:/usr/sbin:/usr/bin:/sbin:/bin:/usr/games:/usr/local/games:/snap/bin

Yarn version: 
  1.22.11

Node version: 
  14.19.0

Platform: 
  linux x64

Trace: 
  Error: https://registry.yarnpkg.com/rxjs/-/rxjs-7.5.5.tgz: ESOCKETTIMEDOUT
      at ClientRequest.<anonymous> (/usr/lib/node_modules/yarn/lib/cli.js:141390:19)
      at Object.onceWrapper (events.js:519:28)
      at ClientRequest.emit (events.js:400:28)
      at TLSSocket.emitRequestTimeout (_http_client.js:790:9)
      at Object.onceWrapper (events.js:519:28)
      at TLSSocket.emit (events.js:412:35)
      at TLSSocket.Socket._onTimeout (net.js:495:8)
      at listOnTimeout (internal/timers.js:557:17)
      at processTimers (internal/timers.js:500:7)

npm manifest: 
  {
    "name": "my-project",
    "private": true,
    "version": "0.1.0",
    "description": "A Strapi application",
    "scripts": {
      "develop": "strapi develop",
      "start": "strapi start",
      "build": "strapi build",
      "strapi": "strapi"
    },
    "devDependencies": {},
    "dependencies": {
      "@strapi/strapi": "4.1.3",
      "@strapi/plugin-users-permissions": "4.1.3",
      "@strapi/plugin-i18n": "4.1.3",
      "sqlite3": "5.0.2"
    },
    "author": {
      "name": "A Strapi developer"
    },
    "strapi": {
      "uuid": "4e0239e3-5e7c-4378-8199-e09b0aedcc96"
    },
    "engines": {
      "node": ">=12.x.x <=16.x.x",
      "npm": ">=6.0.0"
    },
    "license": "MIT"
  }

yarn manifest: 
  No manifest

Lockfile: 
  No lockfile
